<?xml version="1.0" encoding="UTF-8"?>
<testsuite xmlns:xsi="http://www.w3.org/2001/XMLSchema-instance" xsi:noNamespaceSchemaLocation="https://maven.apache.org/surefire/maven-surefire-plugin/xsd/surefire-test-report.xsd" version="3.0.2" name="me.rolandliedtke.interviewapi.InterviewApiApplicationTests" time="2.315" tests="1" errors="0" skipped="0" failures="0">
  <properties>
[...]
</properties>
  <testcase name="contextLoads" classname="me.rolandliedtke.interviewapi.InterviewApiApplicationTests" time="0.323">
    <system-out><![CDATA[16:01:38.154 [main] INFO org.springframework.test.context.support.AnnotationConfigContextLoaderUtils -- Could not detect default configuration classes for test class [me.rolandliedtke.interviewapi.InterviewApiApplicationTests]: InterviewApiApplicationTests does not declare any static, non-private, non-final, nested classes annotated with @Configuration.
16:01:38.196 [main] INFO org.springframework.boot.test.context.SpringBootTestContextBootstrapper -- Found @SpringBootConfiguration me.rolandliedtke.interviewapi.InterviewApiApplication for test class me.rolandliedtke.interviewapi.InterviewApiApplicationTests

  .   ____          _            __ _ _
 /\\ / ___'_ __ _ _(_)_ __  __ _ \ \ \ \
( ( )\___ | '_ | '_| | '_ \/ _` | \ \ \ \
 \\/  ___)| |_)| | | | | || (_| |  ) ) ) )
  '  |____| .__|_| |_|_| |_\__, | / / / /
 =========|_|==============|___/=/_/_/_/

 :: Spring Boot ::                (v3.4.0)

2024-11-28T16:01:38.362+01:00  INFO 5058 --- [InterviewAPI] [           main] m.r.i.InterviewApiApplicationTests       : Starting InterviewApiApplicationTests using Java 17.0.13 with PID 5058 (started by roland-liedtke in /Users/roland-liedtke/Desktop/sj28961-pj/API/InterviewAPI)
2024-11-28T16:01:38.362+01:00  INFO 5058 --- [InterviewAPI] [           main] m.r.i.InterviewApiApplicationTests       : No active profile set, falling back to 1 default profile: "default"
2024-11-28T16:01:38.670+01:00  INFO 5058 --- [InterviewAPI] [           main] .s.d.r.c.RepositoryConfigurationDelegate : Bootstrapping Spring Data JPA repositories in DEFAULT mode.
2024-11-28T16:01:38.697+01:00  INFO 5058 --- [InterviewAPI] [           main] .s.d.r.c.RepositoryConfigurationDelegate : Finished Spring Data repository scanning in 23 ms. Found 1 JPA repository interface.
2024-11-28T16:01:38.871+01:00  INFO 5058 --- [InterviewAPI] [           main] o.hibernate.jpa.internal.util.LogHelper  : HHH000204: Processing PersistenceUnitInfo [name: default]
2024-11-28T16:01:38.899+01:00  INFO 5058 --- [InterviewAPI] [           main] org.hibernate.Version                    : HHH000412: Hibernate ORM core version 6.6.2.Final
2024-11-28T16:01:38.913+01:00  INFO 5058 --- [InterviewAPI] [           main] o.h.c.internal.RegionFactoryInitiator    : HHH000026: Second-level cache disabled
2024-11-28T16:01:39.044+01:00  INFO 5058 --- [InterviewAPI] [           main] o.s.o.j.p.SpringPersistenceUnitInfo      : No LoadTimeWeaver setup: ignoring JPA class transformer
2024-11-28T16:01:39.056+01:00  INFO 5058 --- [InterviewAPI] [           main] com.zaxxer.hikari.HikariDataSource       : HikariPool-1 - Starting...
2024-11-28T16:01:39.257+01:00  INFO 5058 --- [InterviewAPI] [           main] com.zaxxer.hikari.pool.HikariPool        : HikariPool-1 - Added connection com.mysql.cj.jdbc.ConnectionImpl@46a388cc
2024-11-28T16:01:39.258+01:00  INFO 5058 --- [InterviewAPI] [           main] com.zaxxer.hikari.HikariDataSource       : HikariPool-1 - Start completed.
2024-11-28T16:01:39.281+01:00  WARN 5058 --- [InterviewAPI] [           main] org.hibernate.dialect.Dialect            : HHH000511: The 5.7.39 version for [org.hibernate.dialect.MySQLDialect] is no longer supported, hence certain features may not work properly. The minimum supported version is 8.0.0. Check the community dialects project for available legacy versions.
2024-11-28T16:01:39.291+01:00  INFO 5058 --- [InterviewAPI] [           main] org.hibernate.orm.connections.pooling    : HHH10001005: Database info:
	Database JDBC URL [Connecting through datasource 'HikariDataSource (HikariPool-1)']
	Database driver: undefined/unknown
	Database version: 5.7.39
	Autocommit mode: undefined/unknown
	Isolation level: undefined/unknown
	Minimum pool size: undefined/unknown
	Maximum pool size: undefined/unknown
2024-11-28T16:01:39.631+01:00  INFO 5058 --- [InterviewAPI] [           main] o.h.e.t.j.p.i.JtaPlatformInitiator       : HHH000489: No JTA platform available (set 'hibernate.transaction.jta.platform' to enable JTA platform integration)
2024-11-28T16:01:39.653+01:00  INFO 5058 --- [InterviewAPI] [           main] j.LocalContainerEntityManagerFactoryBean : Initialized JPA EntityManagerFactory for persistence unit 'default'
2024-11-28T16:01:39.844+01:00  WARN 5058 --- [InterviewAPI] [           main] JpaBaseConfiguration$JpaWebConfiguration : spring.jpa.open-in-view is enabled by default. Therefore, database queries may be performed during view rendering. Explicitly configure spring.jpa.open-in-view to disable this warning
2024-11-28T16:01:40.060+01:00  INFO 5058 --- [InterviewAPI] [           main] m.r.i.InterviewApiApplicationTests       : Started InterviewApiApplicationTests in 1.809 seconds (process running for 2.224)
]]></system-out>
  </testcase>
</testsuite>